<?xml version="1.0" encoding="UTF-8"?>
<credentials>
  <credential credentialType="jdbc" credentialName="tea">
    <username>USERNAME</username>
    <password>PASSWORD</password>
  </credential>
</credentials>
